<?xml version="1.0" encoding="UTF-8"?>
<testng-results skipped="0" failed="0" ignored="0" total="1" passed="1">
  <reporter-output>
  </reporter-output>
  <suite name="Default suite" duration-ms="71" started-at="2021-10-18T18:50:06 IST" finished-at="2021-10-18T18:50:06 IST">
    <groups>
    </groups>
    <test name="Default test" duration-ms="71" started-at="2021-10-18T18:50:06 IST" finished-at="2021-10-18T18:50:06 IST">
      <class name="com.crm.contacttest.Sampletest">
        <test-method status="PASS" signature="test()[pri:0, instance:com.crm.contacttest.Sampletest@6e6c3152]" name="test" duration-ms="15" started-at="2021-10-18T18:50:06 IST" finished-at="2021-10-18T18:50:06 IST">
          <reporter-output>
          </reporter-output>
        </test-method> <!-- test -->
      </class> <!-- com.crm.contacttest.Sampletest -->
    </test> <!-- Default test -->
  </suite> <!-- Default suite -->
</testng-results>
